*** Using Compiler 'V5.06 update 7 (build 960)', folder: 'D:\Keil_v5\ARM\ARM_Compiler_5.06u7\Bin'
Rebuild target 'LED_project'
assembling startup_stm32f103xe.s...
compiling stm32f1xx_hal_rcc_ex.c...
compiling stm32f1xx_hal_gpio.c...
compiling stm32f1xx_hal.c...
compiling stm32f1xx_hal_msp.c...
compiling stm32f1xx_hal_rcc.c...
compiling gpio.c...
compiling adc.c...
compiling tim.c...
compiling main.c...
compiling stm32f1xx_hal_adc_ex.c...
compiling stm32f1xx_it.c...
compiling stm32f1xx_hal_gpio_ex.c...
compiling stm32f1xx_hal_adc.c...
compiling dma.c...
compiling fsmc.c...
compiling stm32f1xx_hal_dma.c...
compiling system_stm32f1xx.c...
compiling stm32f1xx_hal_sram.c...
compiling Oscilloscope.c...
compiling stm32f1xx_hal_pwr.c...
compiling stm32f1xx_hal_flash.c...
compiling stm32f1xx_hal_tim_ex.c...
compiling stm32f1xx_ll_fsmc.c...
compiling stm32f1xx_hal_flash_ex.c...
compiling stm32f1xx_hal_cortex.c...
compiling stm32f1xx_hal_exti.c...
compiling ADC_Osc.c...
compiling lcd.c...
compiling stm32f1xx_hal_tim.c...
linking...
Program Size: Code=25496 RO-data=6668 RW-data=32 ZI-data=3384  
FromELF: creating hex file...
"LED_project\LED_project.axf" - 0 Error(s), 0 Warning(s).
Build Time Elapsed:  00:00:08
